2025-11-27 17:51:03,128 - INFO - Placing MARKET BUY 0.001 BTCUSDT
2025-11-27 17:51:03,603 - ERROR - Binance API error: APIError(code=-2015): Invalid API-key, IP, or permissions for action
2025-11-27 18:11:03,982 - INFO - Placing SPOT MARKET BUY 0.001 BTCUSDT
2025-11-27 18:11:04,223 - ERROR - Binance API error: APIError(code=-1021): Timestamp for this request was 1000ms ahead of the server's time.
2025-11-27 18:16:37,567 - INFO - Placing SPOT MARKET BUY 0.001 BTCUSDT
2025-11-27 18:16:37,762 - ERROR - Binance API error: APIError(code=-2010): Account has insufficient balance for requested action.
2025-11-27 18:20:14,756 - INFO - Placing SPOT LIMIT BUY 0.001 BTCUSDT @ 50000.0
2025-11-27 18:20:14,939 - ERROR - Binance API error (limit): APIError(code=-2010): Account has insufficient balance for requested action.
2025-11-27 18:25:38,877 - INFO - TWAP chunk 1/5: SPOT MARKET BUY 0.002 BTCUSDT
2025-11-27 18:25:39,060 - ERROR - Binance API error (TWAP, chunk 1): APIError(code=-2010): Account has insufficient balance for requested action.
2025-11-27 18:29:24,792 - INFO - Placing SPOT MARKET BUY 0.001 BTCUSDT
2025-11-27 18:29:25,122 - ERROR - Binance API error (market): APIError(code=-2010): Account has insufficient balance for requested action.
2025-11-27 18:30:45,045 - INFO - Placing SPOT LIMIT BUY 0.001 BTCUSDT @ 50000.0
2025-11-27 18:30:45,287 - ERROR - Binance API error (limit): APIError(code=-2010): Account has insufficient balance for requested action.
2025-11-27 18:30:57,814 - INFO - TWAP chunk 1/5: SPOT MARKET BUY 0.002 BTCUSDT
2025-11-27 18:30:58,076 - ERROR - Binance API error (TWAP, chunk 1): APIError(code=-2010): Account has insufficient balance for requested action.
2025-12-04 09:13:44,315 - INFO - Placing SPOT MARKET BUY 0.001 BTCUSDT
2025-12-04 09:13:44,490 - ERROR - Binance API error (market): APIError(code=-2010): Account has insufficient balance for requested action.
2025-12-04 22:12:30,823 - INFO - Placing SPOT MARKET BUY 0.001 BTCUSDT
2025-12-04 22:12:31,116 - ERROR - Binance API error (market): APIError(code=-2010): Account has insufficient balance for requested action.
2025-12-04 22:14:59,344 - INFO - Placing SPOT MARKET BUY 0.001 BTCUSDT
2025-12-04 22:14:59,754 - ERROR - Binance API error (market): APIError(code=-2010): Account has insufficient balance for requested action.
2025-12-05 08:16:36,857 - INFO - [DRY-RUN] Would place Futures MARKET BUY 0.001 BTCUSDT
2025-12-05 08:16:45,886 - INFO - [DRY-RUN] Would place Futures LIMIT BUY 0.001 BTCUSDT @ 50000.0
2025-12-05 08:17:22,332 - INFO - [DRY-RUN] Would place Stop-Limit SELL 0.001 BTCUSDT: Stop=$60000.00, Limit=$59900.00
2025-12-05 08:17:24,453 - INFO - [DRY-RUN] Would place OCO BUY 0.001 BTCUSDT: TP=51000.0, SL=49000.0
2025-12-05 08:17:31,837 - INFO - [DRY-RUN] TWAP: 0.01 BTCUSDT in 5 parts, ~0.00200000 per order, every 10.0s
2025-12-05 08:17:34,320 - INFO - [DRY-RUN] Would place 5-level grid BUY strategy for BTCUSDT: $49000.00 - $51000.00
2025-12-05 08:35:45,951 - INFO - [DRY-RUN] Would place Futures MARKET BUY 0.001 BTCUSDT
2025-12-05 08:35:46,921 - INFO - [DRY-RUN] Would place Futures LIMIT BUY 0.001 BTCUSDT @ 50000.0
2025-12-05 08:35:48,231 - INFO - [DRY-RUN] Would place Stop-Limit SELL 0.001 BTCUSDT: Stop=$60000.00, Limit=$59900.00
2025-12-05 08:35:49,527 - INFO - [DRY-RUN] Would place OCO BUY 0.001 BTCUSDT: TP=51000.0, SL=49000.0
2025-12-05 08:35:50,932 - INFO - [DRY-RUN] TWAP: 0.01 BTCUSDT in 5 parts, ~0.00200000 per order, every 0.1s
2025-12-05 08:35:52,371 - INFO - [DRY-RUN] Would place 5-level grid BUY strategy for BTCUSDT: $49000.00 - $51000.00
2025-12-05 08:39:30,302 - INFO - [DRY-RUN] TWAP: 0.01 BTCUSDT in 5 parts, ~0.00200000 per order, every 0.1s
2025-12-05 08:39:31,430 - INFO - [DRY-RUN] Would place 5-level grid BUY strategy for BTCUSDT: $49000.00 - $51000.00
2025-12-05 08:41:01,220 - INFO - [DRY-RUN] Would place Futures MARKET BUY 0.001 BTCUSDT
2025-12-05 08:41:02,488 - INFO - [DRY-RUN] Would place Futures LIMIT BUY 0.001 BTCUSDT @ 50000.0
2025-12-05 08:41:03,801 - INFO - [DRY-RUN] Would place Stop-Limit SELL 0.001 BTCUSDT: Stop=$60000.00, Limit=$59900.00
2025-12-05 08:41:04,842 - INFO - [DRY-RUN] TWAP: 0.01 BTCUSDT in 5 parts, ~0.00200000 per order, every 0.1s
2025-12-05 08:41:06,046 - INFO - [DRY-RUN] Would place 5-level grid BUY strategy for BTCUSDT: $49000.00 - $51000.00
2025-12-05 08:45:39,964 - INFO - [DRY-RUN] Would place Futures MARKET BUY 0.001 BTCUSDT
2025-12-05 08:45:41,179 - INFO - [DRY-RUN] Would place Futures LIMIT BUY 0.001 BTCUSDT @ 50000.0
2025-12-05 08:45:42,471 - INFO - [DRY-RUN] Would place Stop-Limit SELL 0.001 BTCUSDT: Stop=$60000.00, Limit=$59900.00
2025-12-05 08:45:43,587 - INFO - [DRY-RUN] TWAP: 0.01 BTCUSDT in 5 parts, ~0.00200000 per order, every 0.1s
2025-12-05 08:45:44,790 - INFO - [DRY-RUN] Would place 5-level grid BUY strategy for BTCUSDT: $49000.00 - $51000.00
2025-12-05 08:47:52,418 - INFO - [DRY-RUN] Would place Futures MARKET BUY 0.001 BTCUSDT
2025-12-05 08:47:53,617 - INFO - [DRY-RUN] Would place Futures LIMIT BUY 0.001 BTCUSDT @ 50000.0
2025-12-05 08:47:54,790 - INFO - [DRY-RUN] Would place Stop-Limit SELL 0.001 BTCUSDT: Stop=$60000.00, Limit=$59900.00
2025-12-05 08:47:57,137 - INFO - [DRY-RUN] TWAP: 0.01 BTCUSDT in 5 parts, ~0.00200000 per order, every 0.1s
2025-12-05 08:47:58,321 - INFO - [DRY-RUN] Would place 5-level grid BUY strategy for BTCUSDT: $49000.00 - $51000.00
2025-12-05 09:16:42,367 - INFO - [DRY-RUN] Would place Futures MARKET BUY 0.001 BTCUSDT
2025-12-05 09:16:43,801 - INFO - [DRY-RUN] Would place Futures LIMIT BUY 0.001 BTCUSDT @ 50000.0
2025-12-05 09:16:45,383 - INFO - [DRY-RUN] Would place Stop-Limit SELL 0.001 BTCUSDT: Stop=$60000.00, Limit=$59900.00
2025-12-05 09:16:47,149 - INFO - [DRY-RUN] Would place OCO BUY 0.001 BTCUSDT: TP=51000.0, SL=49000.0
2025-12-05 09:16:48,654 - INFO - [DRY-RUN] TWAP: 0.01 BTCUSDT in 3 parts, ~0.00333333 per order, every 1.0s
2025-12-05 09:16:51,531 - INFO - [DRY-RUN] Would place 5-level grid BUY strategy for BTCUSDT: $49000.00 - $51000.00
2025-12-05 09:33:30,414 - INFO - [DRY-RUN] Would place Futures MARKET BUY 0.001 BTCUSDT
2025-12-05 09:33:31,734 - INFO - [DRY-RUN] Would place Futures LIMIT BUY 0.001 BTCUSDT @ 50000.0
2025-12-05 09:33:33,042 - INFO - [DRY-RUN] Would place Stop-Limit SELL 0.001 BTCUSDT: Stop=$60000.00, Limit=$59900.00
2025-12-05 09:33:34,268 - INFO - [DRY-RUN] Would place OCO BUY 0.001 BTCUSDT: TP=51000.0, SL=49000.0
2025-12-05 09:33:35,523 - INFO - [DRY-RUN] TWAP: 0.01 BTCUSDT in 3 parts, ~0.00333333 per order, every 1.0s
2025-12-05 09:33:36,752 - INFO - [DRY-RUN] Would place 5-level grid BUY strategy for BTCUSDT: $49000.00 - $51000.00
2025-12-05 09:35:46,353 - INFO - [DRY-RUN] Would place Futures MARKET BUY 0.001 BTCUSDT
2025-12-05 09:35:47,588 - INFO - [DRY-RUN] Would place Futures LIMIT BUY 0.001 BTCUSDT @ 50000.0
2025-12-05 09:35:48,727 - INFO - [DRY-RUN] Would place Stop-Limit SELL 0.001 BTCUSDT: Stop=$60000.00, Limit=$59900.00
2025-12-05 09:35:50,136 - INFO - [DRY-RUN] Would place OCO BUY 0.001 BTCUSDT: TP=51000.0, SL=49000.0
2025-12-05 09:35:51,267 - INFO - [DRY-RUN] TWAP: 0.01 BTCUSDT in 3 parts, ~0.00333333 per order, every 1.0s
2025-12-05 09:35:52,551 - INFO - [DRY-RUN] Would place 5-level grid BUY strategy for BTCUSDT: $49000.00 - $51000.00
